Sending build context to Docker daemon  4.096kB
Step 1/6 : FROM nvidia/cuda:9.1-cudnn7-devel
 ---> 07b6d2ffca98
Step 2/6 : LABEL maintainer="Narumi"
 ---> Using cache
 ---> 6e83c4878f2d
Step 3/6 : ENV LANG=C.UTF-8     LANGUAGE=C.UTF-8     LC_ALL=C.UTF-8
 ---> Using cache
 ---> 4333a57f697b
Step 4/6 : RUN sed -i 's/archive/tw.archive/g' /etc/apt/sources.list
 ---> Using cache
 ---> 8c3f4addb5ea
Step 5/6 : RUN apt-get update &&     apt-get install -y         python3-pip         python3-numpy         git         cmake &&     rm -rf /var/lib/apt/lists/*
 ---> Using cache
 ---> 1ad9e6788257
Step 6/6 : RUN pip3 install -U pip &     pip3 install -U         git+https://github.com/pytorch/pytorch.git#egg=torch         git+https://github.com/pytorch/vision.git#egg=torchvision &&     rm -rf ~/.cache/pip
 ---> Running in 7986d7314220
Collecting torch from git+https://github.com/pytorch/pytorch.git#egg=torch
  Cloning https://github.com/pytorch/pytorch.git to /tmp/pip-build-v3yrc1gd/torch
Collecting pip
  Downloading pip-9.0.1-py2.py3-none-any.whl (1.3MB)
Installing collected packages: pip
  Found existing installation: pip 8.1.1
    Not uninstalling pip at /usr/lib/python3/dist-packages, outside environment /usr
Successfully installed pip-9.0.1
Collecting torchvision from git+https://github.com/pytorch/vision.git#egg=torchvision
  Cloning https://github.com/pytorch/vision.git to /tmp/pip-build-v3yrc1gd/torchvision
Collecting pyyaml (from torch)
  Downloading PyYAML-3.12.tar.gz (253kB)
Collecting numpy (from torch)
  Downloading numpy-1.14.1-cp35-cp35m-manylinux1_x86_64.whl (12.1MB)
Collecting pillow>=4.1.1 (from torchvision)
  Downloading Pillow-5.0.0-cp35-cp35m-manylinux1_x86_64.whl (5.9MB)
Collecting six (from torchvision)
  Downloading six-1.11.0-py2.py3-none-any.whl
Building wheels for collected packages: pyyaml
  Running setup.py bdist_wheel for pyyaml: started
  Running setup.py bdist_wheel for pyyaml: finished with status 'done'
  Stored in directory: /root/.cache/pip/wheels/2c/f7/79/13f3a12cd723892437c0cfbde1230ab4d82947ff7b3839a4fc
Successfully built pyyaml
Installing collected packages: pyyaml, numpy, torch, pillow, six, torchvision
  Found existing installation: numpy 1.11.0
    Not uninstalling numpy at /usr/lib/python3/dist-packages, outside environment /usr
  Running setup.py install for torch: started
    Running setup.py install for torch: still running...
    Running setup.py install for torch: still running...
    Running setup.py install for torch: still running...
    Running setup.py install for torch: still running...
    Running setup.py install for torch: still running...
    Running setup.py install for torch: still running...
    Running setup.py install for torch: still running...
    Running setup.py install for torch: still running...
    Running setup.py install for torch: still running...
    Running setup.py install for torch: still running...
    Running setup.py install for torch: still running...
